<?xml version="1.0" encoding="UTF-8"?>
<!-- Generated by org.testng.reporters.JUnitReportReporter -->
<testsuite hostname="Mahesh-PC" name="simple.Log.NewLog" tests="2" failures="0" timestamp="26 Sep 2015 16:50:00 GMT" time="41.715" errors="0">
  <testcase name="Googlelaunch" time="18.543" classname="simple.Log.NewLog"/>
  <testcase name="Yahoolaunch" time="23.172" classname="simple.Log.NewLog"/>
</testsuite> <!-- simple.Log.NewLog -->
